#
# A fatal error has been detected by the Java Runtime Environment:
#
#  Internal Error (javaClasses.cpp:126), pid=11564, tid=2024
#  fatal error: Invalid layout of preloaded class
#
# JRE version:  (8.0_20-b26) (build )
# Java VM: Java HotSpot(TM) 64-Bit Server VM (25.20-b23 mixed mode windows-amd64 compressed oops)
# Failed to write core dump. Minidumps are not enabled by default on client versions of Windows
#
# If you would like to submit a bug report, please visit:
#   http://bugreport.sun.com/bugreport/crash.jsp
#

---------------  T H R E A D  ---------------

Current thread (0x0000000000e3e800):  JavaThread "Unknown thread" [_thread_in_vm, id=2024, stack(0x0000000002960000,0x0000000002a60000)]

Stack: [0x0000000002960000,0x0000000002a60000]
Native frames: (J=compiled Java code, j=interpreted, Vv=VM code, C=native code)
V  [jvm.dll+0x3152fa]
V  [jvm.dll+0x265d03]
V  [jvm.dll+0x266943]
V  [jvm.dll+0x25e1e6]
V  [jvm.dll+0x5e64c]
V  [jvm.dll+0x5e743]
V  [jvm.dll+0x7316a]
V  [jvm.dll+0x734c8]
V  [jvm.dll+0xe3937]
V  [jvm.dll+0xe3cc6]
V  [jvm.dll+0x1f89d7]
V  [jvm.dll+0x229fc4]
V  [jvm.dll+0x14c6f1]
C  [javaw.exe+0x20c6]
C  [javaw.exe+0xc9eb]
C  [javaw.exe+0xca7f]
C  [KERNEL32.DLL+0x13d2]
C  [ntdll.dll+0x15444]


---------------  P R O C E S S  ---------------

Java Threads: ( => current thread )

Other Threads:

=>0x0000000000e3e800 (exited) JavaThread "Unknown thread" [_thread_in_vm, id=2024, stack(0x0000000002960000,0x0000000002a60000)]

VM state:not at safepoint (not fully initialized)

VM Mutex/Monitor currently owned by a thread: None

GC Heap History (0 events):
No events

Deoptimization events (0 events):
No events

Internal exceptions (0 events):
No events

Events (10 events):
Event: 0.013 loading class java/lang/CharSequence done
Event: 0.013 loading class java/lang/String done
Event: 0.013 loading class java/lang/Class
Event: 0.014 loading class java/lang/reflect/AnnotatedElement
Event: 0.014 loading class java/lang/reflect/AnnotatedElement done
Event: 0.014 loading class java/lang/reflect/GenericDeclaration
Event: 0.014 loading class java/lang/reflect/GenericDeclaration done
Event: 0.014 loading class java/lang/reflect/Type
Event: 0.014 loading class java/lang/reflect/Type done
Event: 0.014 loading class java/lang/Class done


Dynamic libraries:
0x00007ff7c64f0000 - 0x00007ff7c6524000 	C:\Program Files\Java\jre1.8.0_20\bin\javaw.exe
0x00007ffe0b120000 - 0x00007ffe0b2cc000 	C:\Windows\SYSTEM32\ntdll.dll
0x00007ffe08b30000 - 0x00007ffe08c6e000 	C:\Windows\system32\KERNEL32.DLL
0x00007ffe08690000 - 0x00007ffe087a5000 	C:\Windows\system32\KERNELBASE.dll
0x00007ffe06df0000 - 0x00007ffe06e7e000 	C:\Windows\system32\apphelp.dll
0x00007ffdfb950000 - 0x00007ffdfb9a3000 	C:\Windows\AppPatch\AppPatch64\AcGenral.DLL
0x00007ffe0afb0000 - 0x00007ffe0b05a000 	C:\Windows\system32\msvcrt.dll
0x00007ffe08080000 - 0x00007ffe080ae000 	C:\Windows\SYSTEM32\SspiCli.dll
0x00007ffe0aed0000 - 0x00007ffe0af24000 	C:\Windows\system32\SHLWAPI.dll
0x00007ffe08c80000 - 0x00007ffe08df7000 	C:\Windows\system32\USER32.dll
0x00007ffe09080000 - 0x00007ffe09214000 	C:\Windows\system32\ole32.dll
0x00007ffe099b0000 - 0x00007ffe0aec9000 	C:\Windows\system32\SHELL32.dll
0x00007ffe077f0000 - 0x00007ffe07811000 	C:\Windows\SYSTEM32\USERENV.dll
0x00007ffe09220000 - 0x00007ffe092ca000 	C:\Windows\system32\ADVAPI32.dll
0x00007ffe02310000 - 0x00007ffe0232e000 	C:\Windows\SYSTEM32\MPR.dll
0x00007ffe09860000 - 0x00007ffe099a1000 	C:\Windows\system32\RPCRT4.dll
0x00007ffe092d0000 - 0x00007ffe09329000 	C:\Windows\SYSTEM32\sechost.dll
0x00007ffe087c0000 - 0x00007ffe089d1000 	C:\Windows\SYSTEM32\combase.dll
0x00007ffe089e0000 - 0x00007ffe08b30000 	C:\Windows\system32\GDI32.dll
0x00007ffe08280000 - 0x00007ffe08295000 	C:\Windows\SYSTEM32\profapi.dll
0x00007ffe067c0000 - 0x00007ffe06872000 	C:\Windows\SYSTEM32\SHCORE.dll
0x00007ffe08f60000 - 0x00007ffe08f96000 	C:\Windows\system32\IMM32.DLL
0x00007ffe08e00000 - 0x00007ffe08f52000 	C:\Windows\system32\MSCTF.dll
0x00007ffe08240000 - 0x00007ffe0826f000 	C:\Windows\system32\nvinitx.dll
0x000000000f000000 - 0x000000000f006000 	C:\Program Files\NVIDIA Corporation\CoProcManager\_etoured.dll
0x00007ffe060d0000 - 0x00007ffe06103000 	C:\Program Files\NVIDIA Corporation\CoProcManager\nvd3d9wrapx.dll
0x00007ffe09390000 - 0x00007ffe0956a000 	C:\Windows\system32\SETUPAPI.dll
0x00007ffe083b0000 - 0x00007ffe083ff000 	C:\Windows\system32\CFGMGR32.dll
0x00007ffe060a0000 - 0x00007ffe060c3000 	C:\Program Files\NVIDIA Corporation\CoProcManager\nvdxgiwrapx.dll
0x00007ffe06340000 - 0x00007ffe065ba000 	C:\Windows\WinSxS\amd64_microsoft.windows.common-controls_6595b64144ccf1df_6.0.9600.17810_none_6240b9c7ecbd0bda\COMCTL32.dll
0x0000000060210000 - 0x00000000602e2000 	C:\Program Files\Java\jre1.8.0_20\bin\msvcr100.dll
0x000000005efd0000 - 0x000000005f828000 	C:\Program Files\Java\jre1.8.0_20\bin\server\jvm.dll
0x00007ffdff460000 - 0x00007ffdff469000 	C:\Windows\SYSTEM32\WSOCK32.dll
0x00007ffe04360000 - 0x00007ffe04382000 	C:\Windows\SYSTEM32\WINMM.dll
0x00007ffe087b0000 - 0x00007ffe087b7000 	C:\Windows\system32\PSAPI.DLL
0x00007ffe09800000 - 0x00007ffe0985a000 	C:\Windows\system32\WS2_32.dll
0x00007ffe04320000 - 0x00007ffe0434a000 	C:\Windows\SYSTEM32\WINMMBASE.dll
0x00007ffe0afa0000 - 0x00007ffe0afa9000 	C:\Windows\system32\NSI.dll
0x00007ffe07050000 - 0x00007ffe07078000 	C:\Windows\SYSTEM32\DEVOBJ.dll
0x0000000060670000 - 0x000000006067f000 	C:\Program Files\Java\jre1.8.0_20\bin\verify.dll
0x0000000060640000 - 0x0000000060668000 	C:\Program Files\Java\jre1.8.0_20\bin\java.dll
0x00000000601f0000 - 0x0000000060206000 	C:\Program Files\Java\jre1.8.0_20\bin\zip.dll
0x00007ffe02720000 - 0x00007ffe028a9000 	C:\Windows\SYSTEM32\dbghelp.dll

VM Arguments:
jvm_args: -Dfile.encoding=Cp1250 -Xbootclasspath:P:\Android\adt-bundle-windows-x86_64-20130522\sdk\platforms\android-21\android.jar 
java_command: org.pitest.pitclipse.pitrunner.PitRunner 35492
java_class_path (initial): O:\Projects\Experimental\OpenCVStart\bin\classes;O:\Projects\Experimental\appcompat_v7\libs\android-support-v4.jar;O:\Projects\Experimental\appcompat_v7\libs\android-support-v7-appcompat.jar;O:\Projects\Experimental\OpenCVStart\libs\tesseract-android-tools.jar;O:\Projects\Experimental\appcompat_v7\bin\appcompat_v7.jar;O:\Projects\Experimental\OpenCV-android-sdk\sdk\java\bin\opencv library - 2.4.11.jar;O:\Projects\Experimental\tesseract-android-tools\tesseract-android-tools\tesseract-android-tools\tess-two-master\tess-two\bin\tess-two.jar;O:\Projects\Experimental\tesseract-android-tools\tesseract-android-tools\tesseract-android-tools\tess-two-master\eyes-two\bin\eyes-two.jar;P:\eclipse\eclipse\plugins\org.pitest.command-line-osgi_1.1.5.jar;P:\eclipse\eclipse\plugins\org.pitest.html-report-osgi_1.1.5.jar;P:\eclipse\eclipse\plugins\org.pitest.osgi_1.1.5.jar;P:\eclipse\eclipse\plugins\org.pitest.pitclipse-pitrunner_1.1.3.201505151827.jar;P:\eclipse\eclipse\plugins\org.pitest.guava-shade-osgi_18.0.0.jar;P:\eclipse\eclipse\configuration\org.eclipse.osgi\972\0\.cp\lib\jsr305-2.0.0.jar
Launcher Type: SUN_STANDARD

Environment Variables:
JAVA_HOME=C:\Program Files\Java\jdk1.8.0_20
PATH=C:\Program Files (x86)\NVIDIA Corporation\PhysX\Common;C:\ProgramData\Oracle\Java\javapath;C:\Windows\system32;C:\Windows;C:\Windows\System32\Wbem;C:\Windows\System32\WindowsPowerShell\v1.0\;C:\Program Files\TortoiseGit\bin;C:\Program Files\TortoiseSVN\bin;C:\Program Files\Microsoft\Web Platform Installer\;C:\Program Files (x86)\Microsoft ASP.NET\ASP.NET Web Pages\v1.0\;C:\Program Files (x86)\Windows Kits\8.0\Windows Performance Toolkit\;C:\Program Files\Microsoft SQL Server\110\Tools\Binn\;C:\Program Files (x86)\Git\cmd;C:\Program Files (x86)\Windows Kits\8.1\Windows Performance Toolkit\;P:\UnxUtils\bin;P:\UnxUtils\usr\local\wbin;C:\Program Files\Perforce;P:\Android\adt-bundle-windows-x86_64-20130522\sdk\tools;P:\ant\apache-ant-1.9.3-bin\apache-ant-1.9.3\bin;C:\Program Files\SlikSvn\bin;P:\Program Files\MiKTeX 2.9\miktex\bin\x64;C:\Program Files (x86)\Windows Live\Shared;P:\Android\android-ndk-r10b;C:\Program Files (x86)\Skype\Phone\;C:\Python34\;O:\Projects\useful_libs\New folder\Tesseract-OCR;C:\Program Files (x86)\GnuWin32\bin;C:\texlive\2014\bin\win32;C:\Users\Miko³aj\AppData\Local\Code\bin
USERNAME=Miko³aj
OS=Windows_NT
PROCESSOR_IDENTIFIER=Intel64 Family 6 Model 42 Stepping 7, GenuineIntel



---------------  S Y S T E M  ---------------

OS: Windows 8.1 , 64 bit Build 9600 

CPU:total 4 (2 cores per cpu, 2 threads per core) family 6 model 42 stepping 7, cmov, cx8, fxsr, mmx, sse, sse2, sse3, ssse3, sse4.1, sse4.2, popcnt, avx, aes, clmul, ht, tsc, tscinvbit

Memory: 4k page, physical 8273132k(1451540k free), swap 13091364k(3195276k free)

vm_info: Java HotSpot(TM) 64-Bit Server VM (25.20-b23) for windows-amd64 JRE (1.8.0_20-b26), built on Jul 30 2014 13:51:23 by "java_re" with MS VC++ 10.0 (VS2010)

time: Mon Aug 03 23:49:47 2015
elapsed time: 0 seconds (0d 0h 0m 0s)

