#
# A fatal error has been detected by the Java Runtime Environment:
#
#  Internal Error (javaClasses.cpp:126), pid=8480, tid=2764
#  fatal error: Invalid layout of preloaded class
#
# JRE version:  (8.0_20-b26) (build )
# Java VM: Java HotSpot(TM) 64-Bit Server VM (25.20-b23 mixed mode windows-amd64 compressed oops)
# Failed to write core dump. Minidumps are not enabled by default on client versions of Windows
#
# If you would like to submit a bug report, please visit:
#   http://bugreport.sun.com/bugreport/crash.jsp
#

---------------  T H R E A D  ---------------

Current thread (0x000000000102d800):  JavaThread "Unknown thread" [_thread_in_vm, id=2764, stack(0x0000000002bd0000,0x0000000002cd0000)]

Stack: [0x0000000002bd0000,0x0000000002cd0000]
Native frames: (J=compiled Java code, j=interpreted, Vv=VM code, C=native code)
V  [jvm.dll+0x3152fa]
V  [jvm.dll+0x265d03]
V  [jvm.dll+0x266943]
V  [jvm.dll+0x25e1e6]
V  [jvm.dll+0x5e64c]
V  [jvm.dll+0x5e743]
V  [jvm.dll+0x7316a]
V  [jvm.dll+0x734c8]
V  [jvm.dll+0xe3937]
V  [jvm.dll+0xe3cc6]
V  [jvm.dll+0x1f89d7]
V  [jvm.dll+0x229fc4]
V  [jvm.dll+0x14c6f1]
C  [javaw.exe+0x20c6]
C  [javaw.exe+0xc9eb]
C  [javaw.exe+0xca7f]
C  [KERNEL32.DLL+0x13d2]
C  [ntdll.dll+0x15444]


---------------  P R O C E S S  ---------------

Java Threads: ( => current thread )

Other Threads:

=>0x000000000102d800 (exited) JavaThread "Unknown thread" [_thread_in_vm, id=2764, stack(0x0000000002bd0000,0x0000000002cd0000)]

VM state:not at safepoint (not fully initialized)

VM Mutex/Monitor currently owned by a thread: None

GC Heap History (0 events):
No events

Deoptimization events (0 events):
No events

Internal exceptions (0 events):
No events

Events (10 events):
Event: 0.013 loading class java/lang/CharSequence done
Event: 0.013 loading class java/lang/String done
Event: 0.013 loading class java/lang/Class
Event: 0.013 loading class java/lang/reflect/AnnotatedElement
Event: 0.013 loading class java/lang/reflect/AnnotatedElement done
Event: 0.013 loading class java/lang/reflect/GenericDeclaration
Event: 0.013 loading class java/lang/reflect/GenericDeclaration done
Event: 0.013 loading class java/lang/reflect/Type
Event: 0.013 loading class java/lang/reflect/Type done
Event: 0.013 loading class java/lang/Class done


Dynamic libraries:
0x00007ff75fe30000 - 0x00007ff75fe64000 	C:\Program Files\Java\jre1.8.0_20\bin\javaw.exe
0x00007ffb10030000 - 0x00007ffb101dc000 	C:\Windows\SYSTEM32\ntdll.dll
0x00007ffb0fe90000 - 0x00007ffb0ffce000 	C:\Windows\system32\KERNEL32.DLL
0x00007ffb0d4f0000 - 0x00007ffb0d605000 	C:\Windows\system32\KERNELBASE.dll
0x00007ffb0bd00000 - 0x00007ffb0bd8e000 	C:\Windows\system32\apphelp.dll
0x00007ffb02970000 - 0x00007ffb029c3000 	C:\Windows\AppPatch\AppPatch64\AcGenral.DLL
0x00007ffb0d6c0000 - 0x00007ffb0d76a000 	C:\Windows\system32\msvcrt.dll
0x00007ffb0cf90000 - 0x00007ffb0cfbe000 	C:\Windows\SYSTEM32\SspiCli.dll
0x00007ffb0df30000 - 0x00007ffb0df84000 	C:\Windows\system32\SHLWAPI.dll
0x00007ffb0d920000 - 0x00007ffb0da97000 	C:\Windows\system32\USER32.dll
0x00007ffb0dac0000 - 0x00007ffb0dc54000 	C:\Windows\system32\ole32.dll
0x00007ffb0e6e0000 - 0x00007ffb0fbf9000 	C:\Windows\system32\SHELL32.dll
0x00007ffb0c700000 - 0x00007ffb0c721000 	C:\Windows\SYSTEM32\USERENV.dll
0x00007ffb0e630000 - 0x00007ffb0e6da000 	C:\Windows\system32\ADVAPI32.dll
0x00007ffb07210000 - 0x00007ffb0722e000 	C:\Windows\SYSTEM32\MPR.dll
0x00007ffb0dde0000 - 0x00007ffb0df21000 	C:\Windows\system32\RPCRT4.dll
0x00007ffb0ffd0000 - 0x00007ffb10029000 	C:\Windows\SYSTEM32\sechost.dll
0x00007ffb0e410000 - 0x00007ffb0e621000 	C:\Windows\SYSTEM32\combase.dll
0x00007ffb0fc80000 - 0x00007ffb0fdd0000 	C:\Windows\system32\GDI32.dll
0x00007ffb0d190000 - 0x00007ffb0d1a5000 	C:\Windows\SYSTEM32\profapi.dll
0x00007ffb0b960000 - 0x00007ffb0ba12000 	C:\Windows\SYSTEM32\SHCORE.dll
0x00007ffb0dff0000 - 0x00007ffb0e026000 	C:\Windows\system32\IMM32.DLL
0x00007ffb0dc80000 - 0x00007ffb0ddd2000 	C:\Windows\system32\MSCTF.dll
0x00007ffb0d150000 - 0x00007ffb0d17f000 	C:\Windows\system32\nvinitx.dll
0x000000000f000000 - 0x000000000f006000 	C:\Program Files\NVIDIA Corporation\CoProcManager\_etoured.dll
0x00007ffb0a9e0000 - 0x00007ffb0aa13000 	C:\Program Files\NVIDIA Corporation\CoProcManager\nvd3d9wrapx.dll
0x00007ffb0e1d0000 - 0x00007ffb0e3aa000 	C:\Windows\system32\SETUPAPI.dll
0x00007ffb0d260000 - 0x00007ffb0d2af000 	C:\Windows\system32\CFGMGR32.dll
0x00007ffb0a9b0000 - 0x00007ffb0a9d3000 	C:\Program Files\NVIDIA Corporation\CoProcManager\nvdxgiwrapx.dll
0x00007ffb0b4e0000 - 0x00007ffb0b75a000 	C:\Windows\WinSxS\amd64_microsoft.windows.common-controls_6595b64144ccf1df_6.0.9600.17810_none_6240b9c7ecbd0bda\COMCTL32.dll
0x000000006a840000 - 0x000000006a912000 	C:\Program Files\Java\jre1.8.0_20\bin\msvcr100.dll
0x0000000069fe0000 - 0x000000006a838000 	C:\Program Files\Java\jre1.8.0_20\bin\server\jvm.dll
0x00007ffb042e0000 - 0x00007ffb042e9000 	C:\Windows\SYSTEM32\WSOCK32.dll
0x00007ffb09db0000 - 0x00007ffb09dd2000 	C:\Windows\SYSTEM32\WINMM.dll
0x00007ffb0dc70000 - 0x00007ffb0dc77000 	C:\Windows\system32\PSAPI.DLL
0x00007ffb0df90000 - 0x00007ffb0dfea000 	C:\Windows\system32\WS2_32.dll
0x00007ffb09cd0000 - 0x00007ffb09cfa000 	C:\Windows\SYSTEM32\WINMMBASE.dll
0x00007ffb0e100000 - 0x00007ffb0e109000 	C:\Windows\system32\NSI.dll
0x00007ffb0bf50000 - 0x00007ffb0bf78000 	C:\Windows\SYSTEM32\DEVOBJ.dll
0x000000006b610000 - 0x000000006b61f000 	C:\Program Files\Java\jre1.8.0_20\bin\verify.dll
0x000000006b5e0000 - 0x000000006b608000 	C:\Program Files\Java\jre1.8.0_20\bin\java.dll
0x000000006b5c0000 - 0x000000006b5d6000 	C:\Program Files\Java\jre1.8.0_20\bin\zip.dll
0x00007ffb077a0000 - 0x00007ffb07929000 	C:\Windows\SYSTEM32\dbghelp.dll

VM Arguments:
jvm_args: -Dfile.encoding=Cp1250 -Xbootclasspath:P:\Android\adt-bundle-windows-x86_64-20130522\sdk\platforms\android-21\android.jar 
java_command: org.pitest.pitclipse.pitrunner.PitRunner 24495
java_class_path (initial): O:\Projects\Experimental\OpenCVStart\bin\classes;O:\Projects\Experimental\appcompat_v7\libs\android-support-v4.jar;O:\Projects\Experimental\appcompat_v7\libs\android-support-v7-appcompat.jar;O:\Projects\Experimental\appcompat_v7\bin\appcompat_v7.jar;O:\Projects\Experimental\OpenCV-android-sdk\sdk\java\bin\opencv library - 2.4.11.jar;P:\eclipse\eclipse\plugins\org.pitest.command-line-osgi_1.1.5.jar;P:\eclipse\eclipse\plugins\org.pitest.html-report-osgi_1.1.5.jar;P:\eclipse\eclipse\plugins\org.pitest.osgi_1.1.5.jar;P:\eclipse\eclipse\plugins\org.pitest.pitclipse-pitrunner_1.1.3.201505151827.jar;P:\eclipse\eclipse\plugins\org.pitest.guava-shade-osgi_18.0.0.jar;P:\eclipse\eclipse\configuration\org.eclipse.osgi\972\0\.cp\lib\jsr305-2.0.0.jar
Launcher Type: SUN_STANDARD

Environment Variables:
JAVA_HOME=C:\Program Files\Java\jdk1.8.0_20
PATH=C:\Program Files (x86)\NVIDIA Corporation\PhysX\Common;C:\ProgramData\Oracle\Java\javapath;C:\Windows\system32;C:\Windows;C:\Windows\System32\Wbem;C:\Windows\System32\WindowsPowerShell\v1.0\;C:\Program Files\TortoiseGit\bin;C:\Program Files\TortoiseSVN\bin;C:\Program Files\Microsoft\Web Platform Installer\;C:\Program Files (x86)\Microsoft ASP.NET\ASP.NET Web Pages\v1.0\;C:\Program Files (x86)\Windows Kits\8.0\Windows Performance Toolkit\;C:\Program Files\Microsoft SQL Server\110\Tools\Binn\;C:\Program Files (x86)\Git\cmd;C:\Program Files (x86)\Windows Kits\8.1\Windows Performance Toolkit\;P:\UnxUtils\bin;P:\UnxUtils\usr\local\wbin;C:\Program Files\Perforce;P:\Android\adt-bundle-windows-x86_64-20130522\sdk\tools;P:\ant\apache-ant-1.9.3-bin\apache-ant-1.9.3\bin;C:\Program Files\SlikSvn\bin;P:\Program Files\MiKTeX 2.9\miktex\bin\x64;C:\Program Files (x86)\Windows Live\Shared;P:\Android\android-ndk-r10b;C:\Program Files (x86)\Skype\Phone\;C:\Python34\;C:\texlive\2014\bin\win32;C:\Users\Miko³aj\AppData\Local\Code\bin
USERNAME=Miko³aj
OS=Windows_NT
PROCESSOR_IDENTIFIER=Intel64 Family 6 Model 42 Stepping 7, GenuineIntel



---------------  S Y S T E M  ---------------

OS: Windows 8.1 , 64 bit Build 9600 

CPU:total 4 (2 cores per cpu, 2 threads per core) family 6 model 42 stepping 7, cmov, cx8, fxsr, mmx, sse, sse2, sse3, ssse3, sse4.1, sse4.2, popcnt, avx, aes, clmul, ht, tsc, tscinvbit

Memory: 4k page, physical 8273132k(1203032k free), swap 11351588k(1110392k free)

vm_info: Java HotSpot(TM) 64-Bit Server VM (25.20-b23) for windows-amd64 JRE (1.8.0_20-b26), built on Jul 30 2014 13:51:23 by "java_re" with MS VC++ 10.0 (VS2010)

time: Tue Jul 21 23:36:11 2015
elapsed time: 0 seconds (0d 0h 0m 0s)

