#
# A fatal error has been detected by the Java Runtime Environment:
#
#  Internal Error (javaClasses.cpp:126), pid=10808, tid=8344
#  fatal error: Invalid layout of preloaded class
#
# JRE version:  (8.0_20-b26) (build )
# Java VM: Java HotSpot(TM) 64-Bit Server VM (25.20-b23 mixed mode windows-amd64 compressed oops)
# Failed to write core dump. Minidumps are not enabled by default on client versions of Windows
#
# If you would like to submit a bug report, please visit:
#   http://bugreport.sun.com/bugreport/crash.jsp
#

---------------  T H R E A D  ---------------

Current thread (0x0000000000aed800):  JavaThread "Unknown thread" [_thread_in_vm, id=8344, stack(0x0000000002930000,0x0000000002a30000)]

Stack: [0x0000000002930000,0x0000000002a30000]
Native frames: (J=compiled Java code, j=interpreted, Vv=VM code, C=native code)
V  [jvm.dll+0x3152fa]
V  [jvm.dll+0x265d03]
V  [jvm.dll+0x266943]
V  [jvm.dll+0x25e1e6]
V  [jvm.dll+0x5e64c]
V  [jvm.dll+0x5e743]
V  [jvm.dll+0x7316a]
V  [jvm.dll+0x734c8]
V  [jvm.dll+0xe3937]
V  [jvm.dll+0xe3cc6]
V  [jvm.dll+0x1f89d7]
V  [jvm.dll+0x229fc4]
V  [jvm.dll+0x14c6f1]
C  [javaw.exe+0x20c6]
C  [javaw.exe+0xc9eb]
C  [javaw.exe+0xca7f]
C  [KERNEL32.DLL+0x13d2]
C  [ntdll.dll+0x15444]


---------------  P R O C E S S  ---------------

Java Threads: ( => current thread )

Other Threads:

=>0x0000000000aed800 (exited) JavaThread "Unknown thread" [_thread_in_vm, id=8344, stack(0x0000000002930000,0x0000000002a30000)]

VM state:not at safepoint (not fully initialized)

VM Mutex/Monitor currently owned by a thread: None

GC Heap History (0 events):
No events

Deoptimization events (0 events):
No events

Internal exceptions (0 events):
No events

Events (10 events):
Event: 0.037 loading class java/lang/CharSequence done
Event: 0.037 loading class java/lang/String done
Event: 0.037 loading class java/lang/Class
Event: 0.037 loading class java/lang/reflect/AnnotatedElement
Event: 0.037 loading class java/lang/reflect/AnnotatedElement done
Event: 0.037 loading class java/lang/reflect/GenericDeclaration
Event: 0.037 loading class java/lang/reflect/GenericDeclaration done
Event: 0.037 loading class java/lang/reflect/Type
Event: 0.037 loading class java/lang/reflect/Type done
Event: 0.037 loading class java/lang/Class done


Dynamic libraries:
0x00007ff6406e0000 - 0x00007ff640714000 	C:\Program Files\Java\jre1.8.0_20\bin\javaw.exe
0x00007ff8d3fe0000 - 0x00007ff8d418c000 	C:\Windows\SYSTEM32\ntdll.dll
0x00007ff8d3b50000 - 0x00007ff8d3c8e000 	C:\Windows\system32\KERNEL32.DLL
0x00007ff8d1250000 - 0x00007ff8d1365000 	C:\Windows\system32\KERNELBASE.dll
0x00007ff8cfca0000 - 0x00007ff8cfd2e000 	C:\Windows\system32\apphelp.dll
0x00007ff8ba030000 - 0x00007ff8ba083000 	C:\Windows\AppPatch\AppPatch64\AcGenral.DLL
0x00007ff8d17c0000 - 0x00007ff8d186a000 	C:\Windows\system32\msvcrt.dll
0x00007ff8d0f30000 - 0x00007ff8d0f5e000 	C:\Windows\SYSTEM32\SspiCli.dll
0x00007ff8d1f30000 - 0x00007ff8d1f84000 	C:\Windows\system32\SHLWAPI.dll
0x00007ff8d3690000 - 0x00007ff8d3807000 	C:\Windows\system32\USER32.dll
0x00007ff8d1d90000 - 0x00007ff8d1f24000 	C:\Windows\system32\ole32.dll
0x00007ff8d1f90000 - 0x00007ff8d34a8000 	C:\Windows\system32\SHELL32.dll
0x00007ff8d06a0000 - 0x00007ff8d06c1000 	C:\Windows\SYSTEM32\USERENV.dll
0x00007ff8d3970000 - 0x00007ff8d3a1a000 	C:\Windows\system32\ADVAPI32.dll
0x00007ff8c6e30000 - 0x00007ff8c6e4e000 	C:\Windows\SYSTEM32\MPR.dll
0x00007ff8d1ad0000 - 0x00007ff8d1c11000 	C:\Windows\system32\RPCRT4.dll
0x00007ff8d3af0000 - 0x00007ff8d3b49000 	C:\Windows\SYSTEM32\sechost.dll
0x00007ff8d3dc0000 - 0x00007ff8d3fd1000 	C:\Windows\SYSTEM32\combase.dll
0x00007ff8d1c30000 - 0x00007ff8d1d81000 	C:\Windows\system32\GDI32.dll
0x00007ff8d1130000 - 0x00007ff8d1145000 	C:\Windows\SYSTEM32\profapi.dll
0x00007ff8cf930000 - 0x00007ff8cf9e2000 	C:\Windows\SYSTEM32\SHCORE.dll
0x00007ff8d1880000 - 0x00007ff8d18b6000 	C:\Windows\system32\IMM32.DLL
0x00007ff8d3810000 - 0x00007ff8d3962000 	C:\Windows\system32\MSCTF.dll
0x00007ff8d10a0000 - 0x00007ff8d10cf000 	C:\Windows\system32\nvinitx.dll
0x000000000f000000 - 0x000000000f006000 	C:\Program Files\NVIDIA Corporation\CoProcManager\_etoured.dll
0x00007ff8cec10000 - 0x00007ff8cec43000 	C:\Program Files\NVIDIA Corporation\CoProcManager\nvd3d9wrapx.dll
0x00007ff8d34b0000 - 0x00007ff8d368a000 	C:\Windows\system32\SETUPAPI.dll
0x00007ff8d1200000 - 0x00007ff8d124f000 	C:\Windows\system32\CFGMGR32.dll
0x00007ff8cebe0000 - 0x00007ff8cec03000 	C:\Program Files\NVIDIA Corporation\CoProcManager\nvdxgiwrapx.dll
0x00007ff8cf250000 - 0x00007ff8cf4cb000 	C:\Windows\WinSxS\amd64_microsoft.windows.common-controls_6595b64144ccf1df_6.0.9600.17784_none_624760d1ecb7236e\COMCTL32.dll
0x0000000057a70000 - 0x0000000057b42000 	C:\Program Files\Java\jre1.8.0_20\bin\msvcr100.dll
0x0000000057ea0000 - 0x00000000586f8000 	C:\Program Files\Java\jre1.8.0_20\bin\server\jvm.dll
0x00007ff8c8ae0000 - 0x00007ff8c8ae9000 	C:\Windows\SYSTEM32\WSOCK32.dll
0x00007ff8cd200000 - 0x00007ff8cd222000 	C:\Windows\SYSTEM32\WINMM.dll
0x00007ff8d1c20000 - 0x00007ff8d1c27000 	C:\Windows\system32\PSAPI.DLL
0x00007ff8d18c0000 - 0x00007ff8d191a000 	C:\Windows\system32\WS2_32.dll
0x00007ff8cd1d0000 - 0x00007ff8cd1fa000 	C:\Windows\SYSTEM32\WINMMBASE.dll
0x00007ff8d1660000 - 0x00007ff8d1669000 	C:\Windows\system32\NSI.dll
0x00007ff8cff10000 - 0x00007ff8cff38000 	C:\Windows\SYSTEM32\DEVOBJ.dll
0x00000000595c0000 - 0x00000000595cf000 	C:\Program Files\Java\jre1.8.0_20\bin\verify.dll
0x0000000057e70000 - 0x0000000057e98000 	C:\Program Files\Java\jre1.8.0_20\bin\java.dll
0x0000000058a10000 - 0x0000000058a26000 	C:\Program Files\Java\jre1.8.0_20\bin\zip.dll
0x00007ff8c8df0000 - 0x00007ff8c8f79000 	C:\Windows\SYSTEM32\dbghelp.dll

VM Arguments:
jvm_args: -Dfile.encoding=Cp1250 -Xbootclasspath:P:\Android\adt-bundle-windows-x86_64-20130522\sdk\platforms\android-21\android.jar 
java_command: org.pitest.pitclipse.pitrunner.PitRunner 14295
java_class_path (initial): O:\Projects\Experimental\OpenCVStart\bin\classes;O:\Projects\Experimental\appcompat_v7\libs\android-support-v4.jar;O:\Projects\Experimental\appcompat_v7\libs\android-support-v7-appcompat.jar;O:\Projects\Experimental\appcompat_v7\bin\appcompat_v7.jar;O:\Projects\Experimental\OpenCV-android-sdk\sdk\java\bin\opencv library - 2.4.11.jar;P:\eclipse\eclipse\plugins\org.pitest.command-line-osgi_1.1.5.jar;P:\eclipse\eclipse\plugins\org.pitest.html-report-osgi_1.1.5.jar;P:\eclipse\eclipse\plugins\org.pitest.osgi_1.1.5.jar;P:\eclipse\eclipse\plugins\org.pitest.pitclipse-pitrunner_1.1.3.201505151827.jar;P:\eclipse\eclipse\plugins\org.pitest.guava-shade-osgi_18.0.0.jar;P:\eclipse\eclipse\configuration\org.eclipse.osgi\972\0\.cp\lib\jsr305-2.0.0.jar
Launcher Type: SUN_STANDARD

Environment Variables:
JAVA_HOME=C:\Program Files\Java\jdk1.8.0_20
PATH=C:/Program Files/Java/jre1.8.0_20/bin/server;C:/Program Files/Java/jre1.8.0_20/bin;C:/Program Files/Java/jre1.8.0_20/lib/amd64;C:\Program Files (x86)\NVIDIA Corporation\PhysX\Common;C:\ProgramData\Oracle\Java\javapath;C:\Windows\system32;C:\Windows;C:\Windows\System32\Wbem;C:\Windows\System32\WindowsPowerShell\v1.0\;C:\Program Files\TortoiseGit\bin;C:\Program Files\TortoiseSVN\bin;C:\Program Files\Microsoft\Web Platform Installer\;C:\Program Files (x86)\Microsoft ASP.NET\ASP.NET Web Pages\v1.0\;C:\Program Files (x86)\Windows Kits\8.0\Windows Performance Toolkit\;C:\Program Files\Microsoft SQL Server\110\Tools\Binn\;C:\Program Files (x86)\Git\cmd;C:\Program Files (x86)\Windows Kits\8.1\Windows Performance Toolkit\;P:\UnxUtils\bin;P:\UnxUtils\usr\local\wbin;C:\Program Files\Perforce;P:\Android\adt-bundle-windows-x86_64-20130522\sdk\tools;P:\ant\apache-ant-1.9.3-bin\apache-ant-1.9.3\bin;C:\Program Files\SlikSvn\bin;P:\Program Files\MiKTeX 2.9\miktex\bin\x64;C:\Program Files (x86)\Windows Live\Shared;C:\texlive\2014\bin\win32;P:\eclipse\eclipse;
USERNAME=Miko³aj
OS=Windows_NT
PROCESSOR_IDENTIFIER=Intel64 Family 6 Model 42 Stepping 7, GenuineIntel



---------------  S Y S T E M  ---------------

OS: Windows 8.1 , 64 bit Build 9600 

CPU:total 4 (2 cores per cpu, 2 threads per core) family 6 model 42 stepping 7, cmov, cx8, fxsr, mmx, sse, sse2, sse3, ssse3, sse4.1, sse4.2, popcnt, avx, aes, clmul, ht, tsc, tscinvbit

Memory: 4k page, physical 8273132k(1173768k free), swap 16661740k(6056452k free)

vm_info: Java HotSpot(TM) 64-Bit Server VM (25.20-b23) for windows-amd64 JRE (1.8.0_20-b26), built on Jul 30 2014 13:51:23 by "java_re" with MS VC++ 10.0 (VS2010)

time: Tue May 26 02:46:29 2015
elapsed time: 0 seconds (0d 0h 0m 0s)

